2025-06-04 06:03:43,485 - naver_crawler - INFO - 크롤링 로그 시작: data/logs/naver_crawler_20250604_060343.log
2025-06-04 06:03:43,489 - dashboard - INFO - 크롤링 상태 로드됨
2025-06-04 06:03:43,490 - dashboard - INFO - 크롤링 상태 로드됨
2025-06-04 06:03:43,544 - dashboard - INFO - 네이버 뉴스: 113개 항목 로드됨
2025-06-04 06:03:43,550 - dashboard - INFO - 네이버 블로그: 144개 항목 로드됨
2025-06-04 06:03:43,555 - dashboard - INFO - 네이버 카페: 70개 항목 로드됨
2025-06-04 06:03:43,558 - dashboard - INFO - 유튜브: 30개 항목 로드됨
2025-06-04 06:03:43,561 - dashboard - INFO - 총 357개 항목 처리됨
2025-06-04 06:03:43,561 - dashboard - INFO - 플랫폼별 항목 수: {'네이버 뉴스': 113, '네이버 블로그': 144, '네이버 카페': 70, '유튜브': 30}
2025-06-04 06:03:43,561 - dashboard - INFO - 감성별 항목 수: {'positive': 0, 'neutral': 0, 'negative': 0, 'unknown': 357}
2025-06-04 06:03:46,421 - dashboard - INFO - 크롤링 상태 로드됨
2025-06-04 06:03:46,423 - dashboard - INFO - 크롤링 상태 로드됨
2025-06-04 06:03:46,433 - dashboard - INFO - 크롤링 시작: python main.py --keywords 부안 --platform naver,youtube,google,dcinside,fmkorea,buan --max-pages 3 --max-comments 20 --no-sentiment --max-daily-queries 100
2025-06-04 06:03:46,433 - dashboard - INFO - 크롤링 스레드 시작됨: Thread-13
2025-06-04 06:03:46,435 - dashboard - INFO - 크롤링 상태 저장됨
2025-06-04 06:03:46,435 - dashboard - INFO - 크롤링 명령 실행: python main.py --keywords 부안 --platform naver,youtube,google,dcinside,fmkorea,buan --max-pages 3 --max-comments 20 --no-sentiment --max-daily-queries 100
2025-06-04 06:03:46,435 - dashboard - ERROR - 크롤링 중 오류 발생: name 'DataProcessor' is not defined
Traceback (most recent call last):
  File "/app/visualization/dashboard.py", line 188, in run_crawler
    crawler = NaverSearchAPICrawler(
  File "/app/crawlers/naver_api_crawler.py", line 439, in __init__
    self.data_processor = DataProcessor()
NameError: name 'DataProcessor' is not defined
2025-06-04 06:03:46,438 - dashboard - INFO - 크롤링 상태 저장됨
2025-06-04 06:03:47,041 - dashboard - INFO - 크롤링 상태 로드됨
2025-06-04 06:03:47,042 - dashboard - INFO - 크롤링 상태 로드됨
2025-06-04 06:03:47,060 - dashboard - INFO - 네이버 뉴스: 113개 항목 로드됨
2025-06-04 06:03:47,067 - dashboard - INFO - 네이버 블로그: 144개 항목 로드됨
2025-06-04 06:03:47,072 - dashboard - INFO - 네이버 카페: 70개 항목 로드됨
2025-06-04 06:03:47,074 - dashboard - INFO - 유튜브: 30개 항목 로드됨
2025-06-04 06:03:47,078 - dashboard - INFO - 총 357개 항목 처리됨
2025-06-04 06:03:47,078 - dashboard - INFO - 플랫폼별 항목 수: {'네이버 뉴스': 113, '네이버 블로그': 144, '네이버 카페': 70, '유튜브': 30}
2025-06-04 06:03:47,078 - dashboard - INFO - 감성별 항목 수: {'positive': 0, 'neutral': 0, 'negative': 0, 'unknown': 357}
2025-06-04 06:03:49,831 - dashboard - INFO - 크롤링 상태 로드됨
2025-06-04 06:03:49,833 - dashboard - INFO - 크롤링 상태 로드됨
2025-06-04 06:03:49,839 - dashboard - INFO - 크롤링 시작: python main.py --keywords 부안 --platform naver,youtube,google,dcinside,fmkorea,buan --max-pages 3 --max-comments 20 --no-sentiment --max-daily-queries 100
2025-06-04 06:03:49,840 - dashboard - INFO - 크롤링 스레드 시작됨: Thread-14
2025-06-04 06:03:49,842 - dashboard - INFO - 크롤링 상태 저장됨
2025-06-04 06:03:49,843 - dashboard - INFO - 크롤링 명령 실행: python main.py --keywords 부안 --platform naver,youtube,google,dcinside,fmkorea,buan --max-pages 3 --max-comments 20 --no-sentiment --max-daily-queries 100
2025-06-04 06:03:49,843 - dashboard - ERROR - 크롤링 중 오류 발생: name 'DataProcessor' is not defined
Traceback (most recent call last):
  File "/app/visualization/dashboard.py", line 188, in run_crawler
    crawler = NaverSearchAPICrawler(
  File "/app/crawlers/naver_api_crawler.py", line 439, in __init__
    self.data_processor = DataProcessor()
NameError: name 'DataProcessor' is not defined
2025-06-04 06:03:49,844 - dashboard - INFO - 크롤링 상태 저장됨
2025-06-04 06:03:50,443 - dashboard - INFO - 크롤링 상태 로드됨
2025-06-04 06:03:50,444 - dashboard - INFO - 크롤링 상태 로드됨
2025-06-04 06:03:50,462 - dashboard - INFO - 네이버 뉴스: 113개 항목 로드됨
2025-06-04 06:03:50,467 - dashboard - INFO - 네이버 블로그: 144개 항목 로드됨
2025-06-04 06:03:50,472 - dashboard - INFO - 네이버 카페: 70개 항목 로드됨
2025-06-04 06:03:50,474 - dashboard - INFO - 유튜브: 30개 항목 로드됨
2025-06-04 06:03:50,477 - dashboard - INFO - 총 357개 항목 처리됨
2025-06-04 06:03:50,477 - dashboard - INFO - 플랫폼별 항목 수: {'네이버 뉴스': 113, '네이버 블로그': 144, '네이버 카페': 70, '유튜브': 30}
2025-06-04 06:03:50,477 - dashboard - INFO - 감성별 항목 수: {'positive': 0, 'neutral': 0, 'negative': 0, 'unknown': 357}
2025-06-04 06:03:51,484 - dashboard - INFO - 크롤링 상태 로드됨
2025-06-04 06:03:51,485 - dashboard - INFO - 크롤링 상태 로드됨
2025-06-04 06:03:51,505 - dashboard - INFO - 네이버 뉴스: 113개 항목 로드됨
2025-06-04 06:03:51,512 - dashboard - INFO - 네이버 블로그: 144개 항목 로드됨
2025-06-04 06:03:51,523 - dashboard - INFO - 네이버 카페: 70개 항목 로드됨
2025-06-04 06:03:51,529 - dashboard - INFO - 유튜브: 30개 항목 로드됨
2025-06-04 06:03:51,533 - dashboard - INFO - 총 357개 항목 처리됨
2025-06-04 06:03:51,533 - dashboard - INFO - 플랫폼별 항목 수: {'네이버 뉴스': 113, '네이버 블로그': 144, '네이버 카페': 70, '유튜브': 30}
2025-06-04 06:03:51,533 - dashboard - INFO - 감성별 항목 수: {'positive': 0, 'neutral': 0, 'negative': 0, 'unknown': 357}
2025-06-04 06:03:54,840 - dashboard - INFO - 크롤링 상태 로드됨
2025-06-04 06:03:54,843 - dashboard - INFO - 크롤링 상태 로드됨
2025-06-04 06:03:54,855 - dashboard - INFO - 크롤링 시작: python main.py --keywords 부안 --platform naver,youtube,google,dcinside,fmkorea,buan --max-pages 3 --max-comments 20 --no-sentiment --max-daily-queries 100
2025-06-04 06:03:54,856 - dashboard - INFO - 크롤링 스레드 시작됨: Thread-23
2025-06-04 06:03:54,856 - dashboard - INFO - 크롤링 상태 저장됨
2025-06-04 06:03:54,857 - dashboard - INFO - 크롤링 명령 실행: python main.py --keywords 부안 --platform naver,youtube,google,dcinside,fmkorea,buan --max-pages 3 --max-comments 20 --no-sentiment --max-daily-queries 100
2025-06-04 06:03:54,857 - dashboard - ERROR - 크롤링 중 오류 발생: name 'DataProcessor' is not defined
Traceback (most recent call last):
  File "/app/visualization/dashboard.py", line 188, in run_crawler
    crawler = NaverSearchAPICrawler(
  File "/app/crawlers/naver_api_crawler.py", line 439, in __init__
    self.data_processor = DataProcessor()
NameError: name 'DataProcessor' is not defined
2025-06-04 06:03:54,858 - dashboard - INFO - 크롤링 상태 저장됨
2025-06-04 06:03:55,345 - dashboard - INFO - 크롤링 상태 로드됨
2025-06-04 06:03:55,347 - dashboard - INFO - 크롤링 상태 로드됨
2025-06-04 06:03:55,453 - dashboard - INFO - 크롤링 상태 로드됨
2025-06-04 06:03:55,455 - dashboard - INFO - 크롤링 상태 로드됨
2025-06-04 06:03:55,476 - dashboard - INFO - 네이버 뉴스: 113개 항목 로드됨
2025-06-04 06:03:55,497 - dashboard - INFO - 네이버 블로그: 144개 항목 로드됨
2025-06-04 06:03:55,508 - dashboard - INFO - 네이버 카페: 70개 항목 로드됨
2025-06-04 06:03:55,510 - dashboard - INFO - 네이버 뉴스: 113개 항목 로드됨
2025-06-04 06:03:55,513 - dashboard - INFO - 유튜브: 30개 항목 로드됨
2025-06-04 06:03:55,517 - dashboard - INFO - 네이버 블로그: 144개 항목 로드됨
2025-06-04 06:03:55,522 - dashboard - INFO - 네이버 카페: 70개 항목 로드됨
2025-06-04 06:03:55,525 - dashboard - INFO - 유튜브: 30개 항목 로드됨
2025-06-04 06:03:55,525 - dashboard - INFO - 총 357개 항목 처리됨
2025-06-04 06:03:55,526 - dashboard - INFO - 플랫폼별 항목 수: {'네이버 뉴스': 113, '네이버 블로그': 144, '네이버 카페': 70, '유튜브': 30}
2025-06-04 06:03:55,526 - dashboard - INFO - 감성별 항목 수: {'positive': 0, 'neutral': 0, 'negative': 0, 'unknown': 357}
2025-06-04 06:03:55,548 - dashboard - INFO - 총 357개 항목 처리됨
2025-06-04 06:03:55,548 - dashboard - INFO - 플랫폼별 항목 수: {'네이버 뉴스': 113, '네이버 블로그': 144, '네이버 카페': 70, '유튜브': 30}
2025-06-04 06:03:55,552 - dashboard - INFO - 감성별 항목 수: {'positive': 0, 'neutral': 0, 'negative': 0, 'unknown': 357}
2025-06-04 06:03:58,212 - dashboard - INFO - 크롤링 상태 로드됨
2025-06-04 06:03:58,213 - dashboard - INFO - 크롤링 상태 로드됨
2025-06-04 06:03:58,220 - dashboard - INFO - 크롤링 시작: python main.py --keywords 부안 --platform naver,youtube,google,dcinside,fmkorea,buan --max-pages 3 --max-comments 20 --no-sentiment --max-daily-queries 100
2025-06-04 06:03:58,220 - dashboard - INFO - 크롤링 스레드 시작됨: Thread-24
2025-06-04 06:03:58,221 - dashboard - INFO - 크롤링 상태 저장됨
2025-06-04 06:03:58,221 - dashboard - INFO - 크롤링 명령 실행: python main.py --keywords 부안 --platform naver,youtube,google,dcinside,fmkorea,buan --max-pages 3 --max-comments 20 --no-sentiment --max-daily-queries 100
2025-06-04 06:03:58,222 - dashboard - ERROR - 크롤링 중 오류 발생: name 'DataProcessor' is not defined
Traceback (most recent call last):
  File "/app/visualization/dashboard.py", line 188, in run_crawler
    crawler = NaverSearchAPICrawler(
  File "/app/crawlers/naver_api_crawler.py", line 439, in __init__
    self.data_processor = DataProcessor()
NameError: name 'DataProcessor' is not defined
2025-06-04 06:03:58,224 - dashboard - INFO - 크롤링 상태 저장됨
2025-06-04 06:03:58,389 - dashboard - INFO - 크롤링 상태 로드됨
2025-06-04 06:03:58,390 - dashboard - INFO - 크롤링 상태 로드됨
2025-06-04 06:03:58,407 - dashboard - INFO - 네이버 뉴스: 113개 항목 로드됨
2025-06-04 06:03:58,413 - dashboard - INFO - 네이버 블로그: 144개 항목 로드됨
2025-06-04 06:03:58,418 - dashboard - INFO - 네이버 카페: 70개 항목 로드됨
2025-06-04 06:03:58,420 - dashboard - INFO - 유튜브: 30개 항목 로드됨
2025-06-04 06:03:58,423 - dashboard - INFO - 총 357개 항목 처리됨
2025-06-04 06:03:58,423 - dashboard - INFO - 플랫폼별 항목 수: {'네이버 뉴스': 113, '네이버 블로그': 144, '네이버 카페': 70, '유튜브': 30}
2025-06-04 06:03:58,423 - dashboard - INFO - 감성별 항목 수: {'positive': 0, 'neutral': 0, 'negative': 0, 'unknown': 357}
2025-06-04 06:03:58,840 - dashboard - INFO - 크롤링 상태 로드됨
2025-06-04 06:03:58,869 - dashboard - INFO - 크롤링 상태 로드됨
2025-06-04 06:03:58,906 - dashboard - INFO - 네이버 뉴스: 113개 항목 로드됨
2025-06-04 06:03:58,913 - dashboard - INFO - 네이버 블로그: 144개 항목 로드됨
2025-06-04 06:03:58,917 - dashboard - INFO - 네이버 카페: 70개 항목 로드됨
2025-06-04 06:03:58,921 - dashboard - INFO - 유튜브: 30개 항목 로드됨
2025-06-04 06:03:58,924 - dashboard - INFO - 총 357개 항목 처리됨
2025-06-04 06:03:58,924 - dashboard - INFO - 플랫폼별 항목 수: {'네이버 뉴스': 113, '네이버 블로그': 144, '네이버 카페': 70, '유튜브': 30}
2025-06-04 06:03:58,925 - dashboard - INFO - 감성별 항목 수: {'positive': 0, 'neutral': 0, 'negative': 0, 'unknown': 357}
2025-06-04 06:03:59,383 - dashboard - INFO - 크롤링 상태 로드됨
2025-06-04 06:03:59,384 - dashboard - INFO - 크롤링 상태 로드됨
2025-06-04 06:03:59,404 - dashboard - INFO - 네이버 뉴스: 113개 항목 로드됨
2025-06-04 06:03:59,409 - dashboard - INFO - 네이버 블로그: 144개 항목 로드됨
2025-06-04 06:03:59,413 - dashboard - INFO - 네이버 카페: 70개 항목 로드됨
2025-06-04 06:03:59,415 - dashboard - INFO - 유튜브: 30개 항목 로드됨
2025-06-04 06:03:59,418 - dashboard - INFO - 총 357개 항목 처리됨
2025-06-04 06:03:59,418 - dashboard - INFO - 플랫폼별 항목 수: {'네이버 뉴스': 113, '네이버 블로그': 144, '네이버 카페': 70, '유튜브': 30}
2025-06-04 06:03:59,419 - dashboard - INFO - 감성별 항목 수: {'positive': 0, 'neutral': 0, 'negative': 0, 'unknown': 357}
