2025-06-04 04:51:50,266 - naver_crawler - INFO - 크롤링 로그 시작: data/logs/naver_crawler_20250604_045150.log
2025-06-04 04:51:50,273 - main - INFO - 
==================================================
2025-06-04 04:51:50,274 - main - INFO - 크롤링 시작
2025-06-04 04:51:50,274 - main - INFO - 시작 시간: 2025-06-04 04:51:50
2025-06-04 04:51:50,274 - main - INFO - 검색 키워드: ['부안']
2025-06-04 04:51:50,274 - main - INFO - 브라우저: chrome
2025-06-04 04:51:50,274 - main - INFO - 필터링 모드: 엄격 (AND 조건)
2025-06-04 04:51:50,274 - main - INFO - robots.txt 정책: 무시
2025-06-04 04:51:50,274 - main - INFO - 병렬 처리: 비활성화
2025-06-04 04:51:50,275 - main - INFO - ==================================================
2025-06-04 04:51:50,275 - main - INFO - 크롤링 대상 플랫폼: naver
2025-06-04 04:51:50,275 - main - INFO - 
==================== NAVER 크롤링 시작 ====================
2025-06-04 04:51:50,276 - main - INFO - 키워드: [{'text': '부안', 'condition': 'AND'}]
2025-06-04 04:51:50,276 - main - INFO - 최대 페이지: 3
2025-06-04 04:51:50,276 - main - INFO - 최대 댓글: 20
2025-06-04 04:51:50,277 - main - INFO - 감성 분석: 비활성화
2025-06-04 04:51:50,277 - main - INFO - 브라우저: chrome
2025-06-04 04:51:50,278 - core.sentiment_analysis_ensemble - INFO - 선택된 모델 목록: ['kobert', 'kcelectra-base-v2022', 'kcelectra', 'kcbert-large', 'kosentencebert']
2025-06-04 04:51:50,875 - core.sentiment_analysis_kobert - INFO - KoBERT 모델 초기화 완료
2025-06-04 04:51:50,875 - core.sentiment_analysis_ensemble - INFO - kobert 모델 초기화 완료
2025-06-04 04:51:51,728 - core.sentiment_analysis_kcelectra - INFO - KcELECTRA 모델 초기화 완료
2025-06-04 04:51:51,729 - core.sentiment_analysis_ensemble - INFO - kcelectra-base-v2022 모델 초기화 완료
2025-06-04 04:51:52,818 - core.sentiment_analysis_kcelectra - INFO - KcELECTRA 모델 초기화 완료
2025-06-04 04:51:52,818 - core.sentiment_analysis_ensemble - INFO - kcelectra 모델 초기화 완료
2025-06-04 04:51:52,820 - core.sentiment_analysis_kcbert_large - INFO - KcBERT-large 모델 파일 확인 완료: data/models/kcbert-large
2025-06-04 04:51:55,492 - core.sentiment_analysis_kcbert_large - INFO - KcBERT-large 모델 초기화 완료 (device: cpu, path: data/models/kcbert-large)
2025-06-04 04:51:55,492 - core.sentiment_analysis_ensemble - INFO - kcbert-large 모델 초기화 완료
2025-06-04 04:51:56,505 - core.sentiment_analysis_kosentencebert - INFO - KoSentenceBERT 모델 초기화 완료
2025-06-04 04:51:56,506 - core.sentiment_analysis_ensemble - INFO - kosentencebert 모델 초기화 완료
2025-06-04 04:51:56,506 - core.sentiment_analysis_ensemble - INFO - 앙상블 분석기 초기화 완료 (모델 수: 5, 초기화된 모델: ['kobert', 'kcelectra-base-v2022', 'kcelectra', 'kcbert-large', 'kosentencebert'])
2025-06-04 04:51:56,508 - naver_crawler - INFO - 크롤러 초기화 완료: 키워드=['부안'], 최대 페이지=3
2025-06-04 04:51:56,508 - naver_crawler - INFO - ====== 크롤링 시작: 2025-06-04 04:51:56 ======
2025-06-04 04:51:56,509 - naver_crawler - INFO - 
===== 네이버 blog API 수집 시작 =====
2025-06-04 04:51:56,509 - naver_crawler - INFO - 생성된 검색 쿼리 (1개): ['부안']
2025-06-04 04:51:56,798 - naver_crawler - ERROR - API 요청 중 오류: 'NaverSearchAPICrawler' object has no attribute 'blog_crawler'
2025-06-04 04:51:56,798 - naver_crawler - INFO - [SUMMARY] Found 0 items, filtered to 0 for '부안'
2025-06-04 04:51:56,798 - naver_crawler - WARNING - No data saved for keyword '부안'
2025-06-04 04:51:56,798 - naver_crawler - INFO - 
===== 네이버 news API 수집 시작 =====
2025-06-04 04:51:56,799 - naver_crawler - INFO - 생성된 검색 쿼리 (1개): ['부안']
2025-06-04 04:51:56,934 - naver_crawler - ERROR - API 요청 중 오류: 'NaverSearchAPICrawler' object has no attribute 'blog_crawler'
2025-06-04 04:51:56,935 - naver_crawler - INFO - [SUMMARY] Found 0 items, filtered to 0 for '부안'
2025-06-04 04:51:56,935 - naver_crawler - WARNING - No data saved for keyword '부안'
2025-06-04 04:51:56,935 - naver_crawler - INFO - 
===== 네이버 cafearticle API 수집 시작 =====
2025-06-04 04:51:56,935 - naver_crawler - INFO - 생성된 검색 쿼리 (1개): ['부안']
2025-06-04 04:51:57,163 - naver_crawler - ERROR - API 요청 중 오류: 'NaverSearchAPICrawler' object has no attribute 'blog_crawler'
2025-06-04 04:51:57,164 - naver_crawler - INFO - [SUMMARY] Found 0 items, filtered to 0 for '부안'
2025-06-04 04:51:57,164 - naver_crawler - WARNING - No data saved for keyword '부안'
2025-06-04 04:51:57,165 - naver_crawler - INFO - [FINAL SUMMARY] Total 0 items collected for all keywords
2025-06-04 04:51:57,166 - main - ERROR - naver 크롤링 중 오류 발생: a coroutine was expected, got []
2025-06-04 04:51:57,166 - main - ERROR - 상세 오류 정보:
Traceback (most recent call last):
  File "/app/main.py", line 101, in crawl_platform
    results = asyncio.run(crawler.crawl())
  File "/usr/local/lib/python3.9/asyncio/runners.py", line 37, in run
    raise ValueError("a coroutine was expected, got {!r}".format(main))
ValueError: a coroutine was expected, got []
2025-06-04 04:51:57,174 - main - INFO - 
==================================================
2025-06-04 04:51:57,174 - main - INFO - 결과 통합 및 저장 시작
2025-06-04 04:51:57,174 - main - WARNING - 저장할 결과가 없습니다.
2025-06-04 04:51:57,174 - main - WARNING - 수집된 결과가 없습니다.
2025-06-04 04:51:57,175 - main - INFO - 
==================================================
2025-06-04 04:51:57,175 - main - INFO - 크롤링 종료
2025-06-04 04:51:57,175 - main - INFO - 종료 시간: 2025-06-04 04:51:57
2025-06-04 04:51:57,175 - main - INFO - ==================================================
