2025-06-05 09:22:49,289 - main - INFO - 
==================================================
2025-06-05 09:22:49,289 - main - INFO - 크롤링 시작
2025-06-05 09:22:49,289 - main - INFO - 시작 시간: 2025-06-05 09:22:49
2025-06-05 09:22:49,290 - main - INFO - 검색 키워드: ['부안']
2025-06-05 09:22:49,290 - main - INFO - 브라우저: chrome
2025-06-05 09:22:49,290 - main - INFO - 필터링 모드: 엄격 (AND 조건)
2025-06-05 09:22:49,290 - main - INFO - robots.txt 정책: 무시
2025-06-05 09:22:49,290 - main - INFO - 병렬 처리: 비활성화
2025-06-05 09:22:49,290 - main - INFO - ==================================================
2025-06-05 09:22:49,290 - main - INFO - 크롤링 대상 플랫폼: dcinside, fmkorea, buan
2025-06-05 09:22:49,290 - main - INFO - 
==================== DCINSIDE 크롤링 시작 ====================
2025-06-05 09:22:49,291 - main - INFO - 키워드: [{'text': '부안', 'condition': 'AND'}]
2025-06-05 09:22:49,291 - main - INFO - 
==================== FMKOREA 크롤링 시작 ====================
2025-06-05 09:22:49,293 - main - INFO - 최대 페이지: 3
2025-06-05 09:22:49,293 - main - INFO - 키워드: [{'text': '부안', 'condition': 'AND'}]
2025-06-05 09:22:49,293 - main - INFO - 최대 댓글: 20
2025-06-05 09:22:49,293 - main - INFO - 최대 페이지: 3
2025-06-05 09:22:49,294 - main - INFO - 감성 분석: 비활성화
2025-06-05 09:22:49,294 - main - INFO - 최대 댓글: 20
2025-06-05 09:22:49,295 - main - INFO - 브라우저: chrome
2025-06-05 09:22:49,295 - main - INFO - 감성 분석: 비활성화
2025-06-05 09:22:49,298 - main - INFO - 브라우저: chrome
2025-06-05 09:22:49,298 - main - INFO - FM코리아에서 0개 게시글 수집 완료
2025-06-05 09:22:49,299 - main - INFO - 
==================== FMKOREA 크롤링 완료 ====================
2025-06-05 09:22:49,299 - main - INFO - 소요 시간: 0.00초
2025-06-05 09:22:49,299 - main - INFO - 수집된 항목 수: 0개
2025-06-05 09:22:49,299 - main - INFO - 
==================== BUAN 크롤링 시작 ====================
2025-06-05 09:22:49,299 - main - INFO - 키워드: [{'text': '부안', 'condition': 'AND'}]
2025-06-05 09:22:49,299 - main - INFO - 최대 페이지: 3
2025-06-05 09:22:49,299 - main - INFO - 최대 댓글: 20
2025-06-05 09:22:49,300 - main - INFO - 감성 분석: 비활성화
2025-06-05 09:22:49,300 - main - INFO - 브라우저: chrome
2025-06-05 09:22:49,303 - main - INFO - 부안군청에서 0개 게시글 수집 완료
2025-06-05 09:22:49,303 - main - INFO - 
==================== BUAN 크롤링 완료 ====================
2025-06-05 09:22:49,304 - main - INFO - 소요 시간: 0.00초
2025-06-05 09:22:49,304 - main - INFO - 수집된 항목 수: 0개
2025-06-05 09:22:49,425 - main - INFO - 디시인사이드에서 0개 게시글 수집 완료
2025-06-05 09:22:49,425 - main - INFO - 
==================== DCINSIDE 크롤링 완료 ====================
2025-06-05 09:22:49,425 - main - INFO - 소요 시간: 0.13초
2025-06-05 09:22:49,425 - main - INFO - 수집된 항목 수: 0개
2025-06-05 09:22:49,426 - main - INFO - 
==================================================
2025-06-05 09:22:49,426 - main - INFO - 결과 통합 및 저장 시작
2025-06-05 09:22:49,426 - main - WARNING - 저장할 결과가 없습니다.
2025-06-05 09:22:49,426 - main - WARNING - 수집된 결과가 없습니다.
2025-06-05 09:22:49,427 - main - INFO - 
==================================================
2025-06-05 09:22:49,427 - main - INFO - 크롤링 종료
2025-06-05 09:22:49,427 - main - INFO - 종료 시간: 2025-06-05 09:22:49
2025-06-05 09:22:49,427 - main - INFO - ==================================================
